#
# A fatal error has been detected by the Java Runtime Environment:
#
#  EXCEPTION_ACCESS_VIOLATION (0xc0000005) at pc=0x00000000034f1fb0, pid=4912, tid=15296
#
# JRE version: Java(TM) SE Runtime Environment (8.0_20-b26) (build 1.8.0_20-b26)
# Java VM: Java HotSpot(TM) 64-Bit Server VM (25.20-b23 mixed mode windows-amd64 compressed oops)
# Problematic frame:
# J 1325 C2 game.entity.Entity.getOccupiedTiles()[Lgame/tile/Tile; (72 bytes) @ 0x00000000034f1fb0 [0x00000000034f1de0+0x1d0]
#
# Failed to write core dump. Minidumps are not enabled by default on client versions of Windows
#
# If you would like to submit a bug report, please visit:
#   http://bugreport.sun.com/bugreport/crash.jsp
#

---------------  T H R E A D  ---------------

Current thread (0x0000000002f80800):  JavaThread "main" [_thread_in_Java, id=15296, stack(0x0000000002e30000,0x0000000002f30000)]

siginfo: ExceptionCode=0xc0000005, writing address 0x000000002000cdb9

Registers:
RAX=0x0000000000000001, RBX=0x000000001fadb150, RCX=0x000000000000002e, RDX=0x00000000e1952278
RSP=0x0000000002f2ed20, RBP=0x00000000e02f6110, RSI=0x0000000000000054, RDI=0x00000000e20e1d18
R8 =0x0000000000000001, R9 =0x0000000000000b96, R10=0x000000002000cdd9, R11=0x000000002000cdb9
R12=0x0000000000000000, R13=0x00000000e20e1cc8, R14=0x0000000012019000, R15=0x0000000002f80800
RIP=0x00000000034f1fb0, EFLAGS=0x0000000000010287

Top of Stack: (sp=0x0000000002f2ed20)
0x0000000002f2ed20:   00000000e02f5f40 0000000000000001
0x0000000002f2ed30:   000009d700001490 e20e1a8886a64fb8
0x0000000002f2ed40:   e20e1f10e20e1a70 e20e1578e20e1e28
0x0000000002f2ed50:   8565f4d88565f390 8565f4d88565f4d8
0x0000000002f2ed60:   0000000000000001 0000000003517498
0x0000000002f2ed70:   00000000e1952278 00000000e02f60f0
0x0000000002f2ed80:   00000b7f00001500 e20e1a8886a64fb8
0x0000000002f2ed90:   e20e1f10e20e1a70 e20e1578e20e1e28
0x0000000002f2eda0:   0000000000000000 0000000000000000
0x0000000002f2edb0:   0000000000000001 00000000032de940
0x0000000002f2edc0:   000000005133f7d0 0000000002f2ee80
0x0000000002f2edd0:   00000000855e9f58 0000000000000000
0x0000000002f2ede0:   3ff0000000000000 0000000000000001
0x0000000002f2edf0:   ffffffff00000000 0000000400000000
0x0000000002f2ee00:   00000000e1952278 00000000e02f60f0
0x0000000002f2ee10:   000000005133f7d0 00000000019b8a60 

Instructions: (pc=0x00000000034f1fb0)
0x00000000034f1f90:   8b 5f 60 4d 8b d3 49 83 c2 20 4d 3b 57 70 0f 83
0x00000000034f1fa0:   ba 03 00 00 4d 89 57 60 41 0f 18 82 00 01 00 00
0x00000000034f1fb0:   49 c7 03 01 00 00 00 41 0f 18 82 40 01 00 00 41
0x00000000034f1fc0:   c7 43 08 63 34 02 20 41 0f 18 82 80 01 00 00 41 


Register to memory mapping:

RAX=0x0000000000000001 is an unknown value
RBX={method} {0x000000001fadb158} 'isSlowed' '()Z' in 'game/tile/ForestTile'
RCX=0x000000000000002e is an unknown value
RDX=0x00000000e1952278 is an oop
game.entity.mob.AIMob 
 - klass: 'game/entity/mob/AIMob'
RSP=0x0000000002f2ed20 is pointing into the stack for thread: 0x0000000002f80800
RBP=0x00000000e02f6110 is an oop
[I 
 - klass: {type array int}
 - length: 4
RSI=0x0000000000000054 is an unknown value
RDI=0x00000000e20e1d18 is an oop
game.tile.ForestTile 
 - klass: 'game/tile/ForestTile'
R8 =0x0000000000000001 is an unknown value
R9 =0x0000000000000b96 is an unknown value
R10=0x000000002000cdd9 is an unknown value
R11=0x000000002000cdb9 is an unknown value
R12=0x0000000000000000 is an unknown value
R13=0x00000000e20e1cc8 is an oop
game.tile.ForestTile 
 - klass: 'game/tile/ForestTile'
R14=0x0000000012019000 is an unknown value
R15=0x0000000002f80800 is a thread


Stack: [0x0000000002e30000,0x0000000002f30000],  sp=0x0000000002f2ed20,  free space=1019k
Native frames: (J=compiled Java code, j=interpreted, Vv=VM code, C=native code)
C  0x00000000034f1fb0


---------------  P R O C E S S  ---------------

Java Threads: ( => current thread )
  0x0000000019600000 JavaThread "D3D Screen Updater" daemon [_thread_blocked, id=13824, stack(0x000000001d020000,0x000000001d120000)]
  0x00000000195fe800 JavaThread "AWT-EventQueue-0" [_thread_blocked, id=8672, stack(0x000000001bf20000,0x000000001c020000)]
  0x00000000195c0000 JavaThread "AWT-Shutdown" [_thread_blocked, id=17160, stack(0x000000001be20000,0x000000001bf20000)]
  0x00000000195c1000 JavaThread "AWT-Windows" daemon [_thread_in_native, id=13140, stack(0x0000000019b80000,0x0000000019c80000)]
  0x00000000195bd000 JavaThread "Java2D Disposer" daemon [_thread_blocked, id=12548, stack(0x0000000019930000,0x0000000019a30000)]
  0x0000000017a2e800 JavaThread "Service Thread" daemon [_thread_blocked, id=7100, stack(0x0000000019650000,0x0000000019750000)]
  0x00000000179d0800 JavaThread "C1 CompilerThread2" daemon [_thread_blocked, id=7688, stack(0x0000000019150000,0x0000000019250000)]
  0x00000000179ca000 JavaThread "C2 CompilerThread1" daemon [_thread_blocked, id=6944, stack(0x0000000019050000,0x0000000019150000)]
  0x00000000179d9000 JavaThread "C2 CompilerThread0" daemon [_thread_blocked, id=8424, stack(0x0000000018f50000,0x0000000019050000)]
  0x00000000179d8000 JavaThread "Attach Listener" daemon [_thread_blocked, id=7640, stack(0x0000000018e50000,0x0000000018f50000)]
  0x00000000179d7000 JavaThread "Signal Dispatcher" daemon [_thread_blocked, id=7560, stack(0x0000000018d50000,0x0000000018e50000)]
  0x0000000003075800 JavaThread "Finalizer" daemon [_thread_blocked, id=5760, stack(0x0000000018c50000,0x0000000018d50000)]
  0x000000000306c800 JavaThread "Reference Handler" daemon [_thread_blocked, id=14332, stack(0x0000000018b50000,0x0000000018c50000)]
=>0x0000000002f80800 JavaThread "main" [_thread_in_Java, id=15296, stack(0x0000000002e30000,0x0000000002f30000)]

Other Threads:
  0x0000000017997000 VMThread [stack: 0x0000000018a50000,0x0000000018b50000] [id=14088]
  0x0000000019267800 WatcherThread [stack: 0x0000000019750000,0x0000000019850000] [id=8564]

VM state:not at safepoint (normal execution)

VM Mutex/Monitor currently owned by a thread: None

Heap:
 PSYoungGen      total 194048K, used 176972K [0x00000000d6f80000, 0x00000000e6700000, 0x0000000100000000)
  eden space 169472K, 89% used [0x00000000d6f80000,0x00000000e045da18,0x00000000e1500000)
  from space 24576K, 99% used [0x00000000e1900000,0x00000000e30f5608,0x00000000e3100000)
  to   space 41984K, 0% used [0x00000000e3e00000,0x00000000e3e00000,0x00000000e6700000)
 ParOldGen       total 650240K, used 428473K [0x0000000084e00000, 0x00000000ac900000, 0x00000000d6f80000)
  object space 650240K, 65% used [0x0000000084e00000,0x000000009f06e588,0x00000000ac900000)
 Metaspace       used 10099K, capacity 10300K, committed 10496K, reserved 1058816K
  class space    used 1153K, capacity 1204K, committed 1280K, reserved 1048576K

Card table byte_map: [0x0000000012440000,0x0000000012820000] byte_map_base: 0x0000000012019000

Marking Bits: (ParMarkBitMap*) 0x0000000051e5b460
 Begin Bits: [0x0000000012ec0000, 0x0000000014d88000)
 End Bits:   [0x0000000014d88000, 0x0000000016c50000)

Polling page: 0x0000000002de0000

CodeCache: size=245760Kb used=4919Kb max_used=5146Kb free=240840Kb
 bounds [0x0000000003080000, 0x00000000035a0000, 0x0000000012080000]
 total_blobs=1807 nmethods=1354 adapters=367
 compilation: enabled

Compilation events (10 events):
Event: 275.882 Thread 0x00000000179d0800 1522       1       java.util.HashMap::size (5 bytes)
Event: 275.882 Thread 0x00000000179d0800 nmethod 1522 0x000000000328aa10 code [0x000000000328ab60, 0x000000000328ac70]
Event: 289.189 Thread 0x00000000179ca000 1523       4       java.awt.Frame::postProcessKeyEvent (29 bytes)
Event: 289.190 Thread 0x00000000179ca000 nmethod 1523 0x000000000357d350 code [0x000000000357d480, 0x000000000357d4f8]
Event: 292.443 Thread 0x00000000179d0800 1524       3       game.Level::add (32 bytes)
Event: 292.444 Thread 0x00000000179d0800 nmethod 1524 0x00000000035687d0 code [0x00000000035689e0, 0x00000000035695f8]
Event: 293.454 Thread 0x00000000179d0800 1525       3       game.team.Team::addMinion (67 bytes)
Event: 293.455 Thread 0x00000000179d0800 nmethod 1525 0x0000000003582850 code [0x0000000003582b20, 0x0000000003584298]
Event: 293.455 Thread 0x00000000179d0800 1526       3       game.team.Team::isCapture (13 bytes)
Event: 293.455 Thread 0x00000000179d0800 nmethod 1526 0x00000000031a5810 code [0x00000000031a5960, 0x00000000031a5b10]

GC Heap History (10 events):
Event: 213.684 GC heap before
{Heap before GC invocations=30 (full 7):
 PSYoungGen      total 229376K, used 215989K [0x00000000d6f80000, 0x00000000e7e80000, 0x0000000100000000)
  eden space 191488K, 100% used [0x00000000d6f80000,0x00000000e2a80000,0x00000000e2a80000)
  from space 37888K, 64% used [0x00000000e5980000,0x00000000e716d4f8,0x00000000e7e80000)
  to   space 43008K, 0% used [0x00000000e2a80000,0x00000000e2a80000,0x00000000e5480000)
 ParOldGen       total 650240K, used 428465K [0x0000000084e00000, 0x00000000ac900000, 0x00000000d6f80000)
  object space 650240K, 65% used [0x0000000084e00000,0x000000009f06c588,0x00000000ac900000)
 Metaspace       used 10094K, capacity 10300K, committed 10496K, reserved 1058816K
  class space    used 1153K, capacity 1204K, committed 1280K, reserved 1048576K
Event: 213.688 GC heap after
Heap after GC invocations=30 (full 7):
 PSYoungGen      total 211456K, used 24533K [0x00000000d6f80000, 0x00000000e7a00000, 0x0000000100000000)
  eden space 186880K, 0% used [0x00000000d6f80000,0x00000000d6f80000,0x00000000e2600000)
  from space 24576K, 99% used [0x00000000e2a80000,0x00000000e42754f8,0x00000000e4280000)
  to   space 43008K, 0% used [0x00000000e5000000,0x00000000e5000000,0x00000000e7a00000)
 ParOldGen       total 650240K, used 428465K [0x0000000084e00000, 0x00000000ac900000, 0x00000000d6f80000)
  object space 650240K, 65% used [0x0000000084e00000,0x000000009f06c588,0x00000000ac900000)
 Metaspace       used 10094K, capacity 10300K, committed 10496K, reserved 1058816K
  class space    used 1153K, capacity 1204K, committed 1280K, reserved 1048576K
}
Event: 235.731 GC heap before
{Heap before GC invocations=31 (full 7):
 PSYoungGen      total 211456K, used 211413K [0x00000000d6f80000, 0x00000000e7a00000, 0x0000000100000000)
  eden space 186880K, 100% used [0x00000000d6f80000,0x00000000e2600000,0x00000000e2600000)
  from space 24576K, 99% used [0x00000000e2a80000,0x00000000e42754f8,0x00000000e4280000)
  to   space 43008K, 0% used [0x00000000e5000000,0x00000000e5000000,0x00000000e7a00000)
 ParOldGen       total 650240K, used 428465K [0x0000000084e00000, 0x00000000ac900000, 0x00000000d6f80000)
  object space 650240K, 65% used [0x0000000084e00000,0x000000009f06c588,0x00000000ac900000)
 Metaspace       used 10095K, capacity 10300K, committed 10496K, reserved 1058816K
  class space    used 1153K, capacity 1204K, committed 1280K, reserved 1048576K
Event: 235.735 GC heap after
Heap after GC invocations=31 (full 7):
 PSYoungGen      total 220672K, used 24501K [0x00000000d6f80000, 0x00000000e7580000, 0x0000000100000000)
  eden space 182272K, 0% used [0x00000000d6f80000,0x00000000d6f80000,0x00000000e2180000)
  from space 38400K, 63% used [0x00000000e5000000,0x00000000e67ed4f8,0x00000000e7580000)
  to   space 43008K, 0% used [0x00000000e2180000,0x00000000e2180000,0x00000000e4b80000)
 ParOldGen       total 650240K, used 428473K [0x0000000084e00000, 0x00000000ac900000, 0x00000000d6f80000)
  object space 650240K, 65% used [0x0000000084e00000,0x000000009f06e588,0x00000000ac900000)
 Metaspace       used 10095K, capacity 10300K, committed 10496K, reserved 1058816K
  class space    used 1153K, capacity 1204K, committed 1280K, reserved 1048576K
}
Event: 255.142 GC heap before
{Heap before GC invocations=32 (full 7):
 PSYoungGen      total 220672K, used 206773K [0x00000000d6f80000, 0x00000000e7580000, 0x0000000100000000)
  eden space 182272K, 100% used [0x00000000d6f80000,0x00000000e2180000,0x00000000e2180000)
  from space 38400K, 63% used [0x00000000e5000000,0x00000000e67ed4f8,0x00000000e7580000)
  to   space 43008K, 0% used [0x00000000e2180000,0x00000000e2180000,0x00000000e4b80000)
 ParOldGen       total 650240K, used 428473K [0x0000000084e00000, 0x00000000ac900000, 0x00000000d6f80000)
  object space 650240K, 65% used [0x0000000084e00000,0x000000009f06e588,0x00000000ac900000)
 Metaspace       used 10095K, capacity 10300K, committed 10496K, reserved 1058816K
  class space    used 1153K, capacity 1204K, committed 1280K, reserved 1048576K
Event: 255.147 GC heap after
Heap after GC invocations=32 (full 7):
 PSYoungGen      total 202240K, used 24501K [0x00000000d6f80000, 0x00000000e7000000, 0x0000000100000000)
  eden space 177664K, 0% used [0x00000000d6f80000,0x00000000d6f80000,0x00000000e1d00000)
  from space 24576K, 99% used [0x00000000e2180000,0x00000000e396d608,0x00000000e3980000)
  to   space 42496K, 0% used [0x00000000e4680000,0x00000000e4680000,0x00000000e7000000)
 ParOldGen       total 650240K, used 428473K [0x0000000084e00000, 0x00000000ac900000, 0x00000000d6f80000)
  object space 650240K, 65% used [0x0000000084e00000,0x000000009f06e588,0x00000000ac900000)
 Metaspace       used 10095K, capacity 10300K, committed 10496K, reserved 1058816K
  class space    used 1153K, capacity 1204K, committed 1280K, reserved 1048576K
}
Event: 273.024 GC heap before
{Heap before GC invocations=33 (full 7):
 PSYoungGen      total 202240K, used 202165K [0x00000000d6f80000, 0x00000000e7000000, 0x0000000100000000)
  eden space 177664K, 100% used [0x00000000d6f80000,0x00000000e1d00000,0x00000000e1d00000)
  from space 24576K, 99% used [0x00000000e2180000,0x00000000e396d608,0x00000000e3980000)
  to   space 42496K, 0% used [0x00000000e4680000,0x00000000e4680000,0x00000000e7000000)
 ParOldGen       total 650240K, used 428473K [0x0000000084e00000, 0x00000000ac900000, 0x00000000d6f80000)
  object space 650240K, 65% used [0x0000000084e00000,0x000000009f06e588,0x00000000ac900000)
 Metaspace       used 10096K, capacity 10300K, committed 10496K, reserved 1058816K
  class space    used 1153K, capacity 1204K, committed 1280K, reserved 1048576K
Event: 273.029 GC heap after
Heap after GC invocations=33 (full 7):
 PSYoungGen      total 211968K, used 24533K [0x00000000d6f80000, 0x00000000e6c00000, 0x0000000100000000)
  eden space 173568K, 0% used [0x00000000d6f80000,0x00000000d6f80000,0x00000000e1900000)
  from space 38400K, 63% used [0x00000000e4680000,0x00000000e5e75608,0x00000000e6c00000)
  to   space 42496K, 0% used [0x00000000e1900000,0x00000000e1900000,0x00000000e4280000)
 ParOldGen       total 650240K, used 428473K [0x0000000084e00000, 0x00000000ac900000, 0x00000000d6f80000)
  object space 650240K, 65% used [0x0000000084e00000,0x000000009f06e588,0x00000000ac900000)
 Metaspace       used 10096K, capacity 10300K, committed 10496K, reserved 1058816K
  class space    used 1153K, capacity 1204K, committed 1280K, reserved 1048576K
}
Event: 286.631 GC heap before
{Heap before GC invocations=34 (full 7):
 PSYoungGen      total 211968K, used 198101K [0x00000000d6f80000, 0x00000000e6c00000, 0x0000000100000000)
  eden space 173568K, 100% used [0x00000000d6f80000,0x00000000e1900000,0x00000000e1900000)
  from space 38400K, 63% used [0x00000000e4680000,0x00000000e5e75608,0x00000000e6c00000)
  to   space 42496K, 0% used [0x00000000e1900000,0x00000000e1900000,0x00000000e4280000)
 ParOldGen       total 650240K, used 428473K [0x0000000084e00000, 0x00000000ac900000, 0x00000000d6f80000)
  object space 650240K, 65% used [0x0000000084e00000,0x000000009f06e588,0x00000000ac900000)
 Metaspace       used 10096K, capacity 10300K, committed 10496K, reserved 1058816K
  class space    used 1153K, capacity 1204K, committed 1280K, reserved 1048576K
Event: 286.635 GC heap after
Heap after GC invocations=34 (full 7):
 PSYoungGen      total 194048K, used 24533K [0x00000000d6f80000, 0x00000000e6700000, 0x0000000100000000)
  eden space 169472K, 0% used [0x00000000d6f80000,0x00000000d6f80000,0x00000000e1500000)
  from space 24576K, 99% used [0x00000000e1900000,0x00000000e30f5608,0x00000000e3100000)
  to   space 41984K, 0% used [0x00000000e3e00000,0x00000000e3e00000,0x00000000e6700000)
 ParOldGen       total 650240K, used 428473K [0x0000000084e00000, 0x00000000ac900000, 0x00000000d6f80000)
  object space 650240K, 65% used [0x0000000084e00000,0x000000009f06e588,0x00000000ac900000)
 Metaspace       used 10096K, capacity 10300K, committed 10496K, reserved 1058816K
  class space    used 1153K, capacity 1204K, committed 1280K, reserved 1048576K
}

Deoptimization events (10 events):
Event: 72.861 Thread 0x0000000002f80800 Uncommon trap: reason=bimorphic action=maybe_recompile pc=0x00000000034dcb28 method=game.entity.Entity.collision()Ljava/lang/Object; @ 16
Event: 72.884 Thread 0x0000000002f80800 Uncommon trap: reason=bimorphic action=maybe_recompile pc=0x00000000034dcb28 method=game.entity.Entity.collision()Ljava/lang/Object; @ 16
Event: 73.064 Thread 0x0000000002f80800 Uncommon trap: reason=class_check action=maybe_recompile pc=0x0000000003502c0c method=game.entity.Entity.isSlowed()Z @ 16
Event: 73.077 Thread 0x0000000002f80800 Uncommon trap: reason=class_check action=maybe_recompile pc=0x0000000003502c0c method=game.entity.Entity.isSlowed()Z @ 16
Event: 73.100 Thread 0x0000000002f80800 Uncommon trap: reason=class_check action=maybe_recompile pc=0x0000000003502c0c method=game.entity.Entity.isSlowed()Z @ 16
Event: 73.112 Thread 0x0000000002f80800 Uncommon trap: reason=class_check action=maybe_recompile pc=0x0000000003502c0c method=game.entity.Entity.isSlowed()Z @ 16
Event: 229.115 Thread 0x0000000002f80800 Uncommon trap: reason=bimorphic action=maybe_recompile pc=0x000000000352ba80 method=game.entity.Entity.isSlowed()Z @ 16
Event: 229.131 Thread 0x0000000002f80800 Uncommon trap: reason=bimorphic action=maybe_recompile pc=0x000000000352ba80 method=game.entity.Entity.isSlowed()Z @ 16
Event: 229.146 Thread 0x0000000002f80800 Uncommon trap: reason=bimorphic action=maybe_recompile pc=0x000000000352ba80 method=game.entity.Entity.isSlowed()Z @ 16
Event: 229.160 Thread 0x0000000002f80800 Uncommon trap: reason=bimorphic action=maybe_recompile pc=0x000000000352ba80 method=game.entity.Entity.isSlowed()Z @ 16

Internal exceptions (10 events):
Event: 11.693 Thread 0x0000000002f80800 Exception <a 'java/security/PrivilegedActionException'> (0x00000000d7ff1168) thrown at [D:\re\workspace\8-2-build-windows-amd64-cygwin\jdk8u20\1074\hotspot\src\share\vm\prims\jvm.cpp, line 1275]
Event: 11.699 Thread 0x0000000002f80800 Exception <a 'java/security/PrivilegedActionException'> (0x00000000d8067c20) thrown at [D:\re\workspace\8-2-build-windows-amd64-cygwin\jdk8u20\1074\hotspot\src\share\vm\prims\jvm.cpp, line 1275]
Event: 11.701 Thread 0x0000000002f80800 Exception <a 'java/security/PrivilegedActionException'> (0x00000000d80c3980) thrown at [D:\re\workspace\8-2-build-windows-amd64-cygwin\jdk8u20\1074\hotspot\src\share\vm\prims\jvm.cpp, line 1275]
Event: 11.702 Thread 0x0000000002f80800 Exception <a 'java/security/PrivilegedActionException'> (0x00000000d80c5010) thrown at [D:\re\workspace\8-2-build-windows-amd64-cygwin\jdk8u20\1074\hotspot\src\share\vm\prims\jvm.cpp, line 1275]
Event: 11.704 Thread 0x0000000002f80800 Exception <a 'java/security/PrivilegedActionException'> (0x00000000d80c66f0) thrown at [D:\re\workspace\8-2-build-windows-amd64-cygwin\jdk8u20\1074\hotspot\src\share\vm\prims\jvm.cpp, line 1275]
Event: 11.705 Thread 0x0000000002f80800 Exception <a 'java/security/PrivilegedActionException'> (0x00000000d80c7de0) thrown at [D:\re\workspace\8-2-build-windows-amd64-cygwin\jdk8u20\1074\hotspot\src\share\vm\prims\jvm.cpp, line 1275]
Event: 50.676 Thread 0x0000000002f80800 Exception <a 'java/lang/ArrayIndexOutOfBoundsException': -1> (0x00000000df945af8) thrown at [D:\re\workspace\8-2-build-windows-amd64-cygwin\jdk8u20\1074\hotspot\src\share\vm\interpreter\interpreterRuntime.cpp, line 366]
Event: 50.687 Thread 0x0000000002f80800 Exception <a 'java/lang/ArrayIndexOutOfBoundsException': -1> (0x00000000df95e580) thrown at [D:\re\workspace\8-2-build-windows-amd64-cygwin\jdk8u20\1074\hotspot\src\share\vm\interpreter\interpreterRuntime.cpp, line 366]
Event: 50.699 Thread 0x0000000002f80800 Exception <a 'java/lang/ArrayIndexOutOfBoundsException': -1> (0x00000000df9766d8) thrown at [D:\re\workspace\8-2-build-windows-amd64-cygwin\jdk8u20\1074\hotspot\src\share\vm\interpreter\interpreterRuntime.cpp, line 366]
Event: 50.710 Thread 0x0000000002f80800 Exception <a 'java/lang/ArrayIndexOutOfBoundsException': -1> (0x00000000df98fb90) thrown at [D:\re\workspace\8-2-build-windows-amd64-cygwin\jdk8u20\1074\hotspot\src\share\vm\interpreter\interpreterRuntime.cpp, line 366]

Events (10 events):
Event: 293.455 Thread 0x00000000179d0800 flushing nmethod 0x0000000003386a50
Event: 293.455 Thread 0x00000000179d0800 flushing nmethod 0x0000000003386e50
Event: 293.455 Thread 0x00000000179d0800 flushing nmethod 0x0000000003388250
Event: 293.455 Thread 0x00000000179d0800 flushing nmethod 0x000000000338ac90
Event: 293.455 Thread 0x00000000179d0800 flushing nmethod 0x000000000338c450
Event: 293.455 Thread 0x00000000179d0800 flushing nmethod 0x000000000338cbd0
Event: 293.455 Thread 0x00000000179d0800 flushing nmethod 0x0000000003392f10
Event: 293.455 Thread 0x00000000179d0800 flushing nmethod 0x0000000003393c50
Event: 293.455 Thread 0x00000000179d0800 flushing nmethod 0x0000000003399350
Event: 293.455 Thread 0x00000000179d0800 flushing nmethod 0x000000000339bc50


Dynamic libraries:
0x00007ff748b90000 - 0x00007ff748bc4000 	E:\jdk1.8.0_20\bin\java.exe
0x00007fffc39e0000 - 0x00007fffc3ba1000 	C:\WINDOWS\SYSTEM32\ntdll.dll
0x00007fffc3050000 - 0x00007fffc30fd000 	C:\WINDOWS\system32\KERNEL32.DLL
0x00007fffc0230000 - 0x00007fffc0418000 	C:\WINDOWS\system32\KERNELBASE.dll
0x00007fffc28e0000 - 0x00007fffc2987000 	C:\WINDOWS\system32\ADVAPI32.dll
0x00007fffc3330000 - 0x00007fffc33cd000 	C:\WINDOWS\system32\msvcrt.dll
0x00007fffc2880000 - 0x00007fffc28db000 	C:\WINDOWS\system32\sechost.dll
0x00007fffc0e40000 - 0x00007fffc0f5c000 	C:\WINDOWS\system32\RPCRT4.dll
0x00007fffc3100000 - 0x00007fffc3256000 	C:\WINDOWS\system32\USER32.dll
0x00007fffc2570000 - 0x00007fffc26f6000 	C:\WINDOWS\system32\GDI32.dll
0x00007fffb7720000 - 0x00007fffb7994000 	C:\WINDOWS\WinSxS\amd64_microsoft.windows.common-controls_6595b64144ccf1df_6.0.10586.0_none_8c15ae12515e1c22\COMCTL32.dll
0x00007fffc2990000 - 0x00007fffc2c0d000 	C:\WINDOWS\system32\combase.dll
0x00007fffc0170000 - 0x00007fffc01da000 	C:\WINDOWS\system32\bcryptPrimitives.dll
0x00007fffc33d0000 - 0x00007fffc340b000 	C:\WINDOWS\system32\IMM32.DLL
0x00000000515a0000 - 0x0000000051672000 	E:\jdk1.8.0_20\jre\bin\msvcr100.dll
0x0000000051680000 - 0x0000000051ed8000 	E:\jdk1.8.0_20\jre\bin\server\jvm.dll
0x00007fffc3410000 - 0x00007fffc3418000 	C:\WINDOWS\system32\PSAPI.DLL
0x00007fffb2e50000 - 0x00007fffb2e59000 	C:\WINDOWS\SYSTEM32\WSOCK32.dll
0x00007fffc3580000 - 0x00007fffc35eb000 	C:\WINDOWS\system32\WS2_32.dll
0x00007fffbe430000 - 0x00007fffbe453000 	C:\WINDOWS\SYSTEM32\WINMM.dll
0x00007fffbe2e0000 - 0x00007fffbe30c000 	C:\WINDOWS\SYSTEM32\winmmbase.dll
0x00007fffc01e0000 - 0x00007fffc0223000 	C:\WINDOWS\system32\cfgmgr32.dll
0x0000000051550000 - 0x000000005155f000 	E:\jdk1.8.0_20\jre\bin\verify.dll
0x0000000051520000 - 0x0000000051548000 	E:\jdk1.8.0_20\jre\bin\java.dll
0x0000000051500000 - 0x0000000051516000 	E:\jdk1.8.0_20\jre\bin\zip.dll
0x00007fffc0f60000 - 0x00007fffc24bc000 	C:\WINDOWS\system32\SHELL32.dll
0x00007fffc0480000 - 0x00007fffc0ac4000 	C:\WINDOWS\system32\windows.storage.dll
0x00007fffc0de0000 - 0x00007fffc0e32000 	C:\WINDOWS\system32\shlwapi.dll
0x00007fffc0020000 - 0x00007fffc002f000 	C:\WINDOWS\system32\kernel.appcore.dll
0x00007fffc0090000 - 0x00007fffc0145000 	C:\WINDOWS\system32\shcore.dll
0x00007fffc0040000 - 0x00007fffc008b000 	C:\WINDOWS\system32\powrprof.dll
0x00007fffc0000000 - 0x00007fffc0014000 	C:\WINDOWS\system32\profapi.dll
0x0000000051320000 - 0x00000000514b8000 	E:\jdk1.8.0_20\jre\bin\awt.dll
0x00007fffc3650000 - 0x00007fffc3711000 	C:\WINDOWS\system32\OLEAUT32.dll
0x00007fffbe7f0000 - 0x00007fffbe869000 	C:\WINDOWS\system32\apphelp.dll
0x00007fffbdcc0000 - 0x00007fffbdce2000 	C:\WINDOWS\system32\DWMAPI.DLL
0x00007fffbe980000 - 0x00007fffbea16000 	C:\WINDOWS\system32\uxtheme.dll
0x00007fffc2700000 - 0x00007fffc285a000 	C:\WINDOWS\system32\MSCTF.dll
0x00007fffc3420000 - 0x00007fffc3563000 	C:\WINDOWS\system32\ole32.dll
0x00007fffa0670000 - 0x00007fffa0880000 	C:\WINDOWS\system32\d3d9.dll
0x00007fff95300000 - 0x00007fff95d6e000 	C:\WINDOWS\SYSTEM32\igdumdim64.dll
0x00007fffbaa50000 - 0x00007fffbaeaf000 	C:\WINDOWS\SYSTEM32\igdusc64.dll
0x00000000514e0000 - 0x00000000514fa000 	E:\jdk1.8.0_20\jre\bin\net.dll
0x00007fffbf8d0000 - 0x00007fffbf92c000 	C:\WINDOWS\system32\mswsock.dll
0x00007fffb3950000 - 0x00007fffb3966000 	C:\WINDOWS\system32\napinsp.dll
0x00007fffb35b0000 - 0x00007fffb35ca000 	C:\WINDOWS\system32\pnrpnsp.dll
0x00007fffbdd00000 - 0x00007fffbdd18000 	C:\WINDOWS\system32\NLAapi.dll
0x00007fffbea20000 - 0x00007fffbeaca000 	C:\WINDOWS\SYSTEM32\DNSAPI.dll
0x00007fffc3570000 - 0x00007fffc3578000 	C:\WINDOWS\system32\NSI.dll
0x00007fffb3130000 - 0x00007fffb313d000 	C:\WINDOWS\System32\winrnr.dll
0x00007fffb76e0000 - 0x00007fffb76ea000 	C:\Windows\System32\rasadhlp.dll
0x00007fffbd010000 - 0x00007fffbd048000 	C:\WINDOWS\SYSTEM32\IPHLPAPI.DLL
0x00007fffb9e50000 - 0x00007fffb9eb7000 	C:\WINDOWS\System32\fwpuclnt.dll
0x00007fffbff30000 - 0x00007fffbff59000 	C:\WINDOWS\SYSTEM32\bcrypt.dll
0x00000000512d0000 - 0x0000000051317000 	E:\jdk1.8.0_20\jre\bin\fontmanager.dll
0x00007fff98580000 - 0x00007fff9870c000 	C:\WINDOWS\SYSTEM32\dbghelp.dll

VM Arguments:
jvm_args: -Dfile.encoding=UTF-8 
java_command: main.Main
java_class_path (initial): E:\Netbeans Projects\ColorNations\build\classes
Launcher Type: SUN_STANDARD

Environment Variables:
PATH=C:\Program Files\Java\jre1.8.0_73\bin;C:\Program Files (x86)\iis express\PHP\v5.4;C:\Windows\system32;C:\Windows;C:\Windows\System32\Wbem;C:\Windows\System32\WindowsPowerShell\v1.0\;C:\Program Files\Microsoft\Web Platform Installer\;c:\Program Files (x86)\Microsoft SQL Server\100\Tools\Binn\;c:\Program Files\Microsoft SQL Server\100\Tools\Binn\;c:\Program Files\Microsoft SQL Server\100\DTS\Binn\;C:\Program Files\MySQL\MySQL Server 5.1\bin;C:\Program Files (x86)\Microsoft ASP.NET\ASP.NET Web Pages\v1.0\;C:\Program Files\Microsoft SQL Server\110\Tools\Binn\;C:\Program Files (x86)\Windows Live\Shared;C:\WINDOWS\system32;C:\WINDOWS;C:\WINDOWS\System32\Wbem
USERNAME=Terrell
OS=Windows_NT
PROCESSOR_IDENTIFIER=Intel64 Family 6 Model 58 Stepping 9, GenuineIntel



---------------  S Y S T E M  ---------------

OS: Windows 8.1 , 64 bit Build 9600 

CPU:total 4 (4 cores per cpu, 1 threads per core) family 6 model 58 stepping 9, cmov, cx8, fxsr, mmx, sse, sse2, sse3, ssse3, sse4.1, sse4.2, popcnt, avx, aes, clmul, erms, tsc, tscinvbit, tscinv

Memory: 4k page, physical 8064492k(4378780k free), swap 15142380k(10584328k free)

vm_info: Java HotSpot(TM) 64-Bit Server VM (25.20-b23) for windows-amd64 JRE (1.8.0_20-b26), built on Jul 30 2014 13:51:23 by "java_re" with MS VC++ 10.0 (VS2010)

time: Tue Jul 05 21:54:13 2016
elapsed time: 298 seconds (0d 0h 4m 58s)

